# JRE version: OpenJDK Runtime Environment (8.0_202-b03) (build 1.8.0_202-release-1483-b03)
# Java VM: OpenJDK 64-Bit Server VM (25.202-b03 mixed mode windows-amd64 compressed oops)
Heap:
 PSYoungGen      total 70144K, used 56785K [0x00000000e0000000, 0x00000000e5100000, 0x0000000100000000)
  eden space 58368K, 83% used [0x00000000e0000000,0x00000000e2fde118,0x00000000e3900000)
  from space 11776K, 65% used [0x00000000e4580000,0x00000000e4d163a0,0x00000000e5100000)
  to   space 12288K, 0% used [0x00000000e3900000,0x00000000e3900000,0x00000000e4500000)
 ParOldGen       total 100864K, used 29867K [0x00000000a0000000, 0x00000000a6280000, 0x00000000e0000000)
  object space 100864K, 29% used [0x00000000a0000000,0x00000000a1d2acd0,0x00000000a6280000)
 Metaspace       used 63386K, capacity 65228K, committed 65368K, reserved 1105920K
  class space    used 8336K, capacity 8781K, committed 8832K, reserved 1048576K
GC Heap History (10 events):
Event: 54.571 GC heap before
{Heap before GC invocations=21 (full 2):
 PSYoungGen      total 53760K, used 51004K [0x00000000e0000000, 0x00000000e4280000, 0x0000000100000000)
  eden space 41472K, 100% used [0x00000000e0000000,0x00000000e2880000,0x00000000e2880000)
  from space 12288K, 77% used [0x00000000e3500000,0x00000000e3e4f2e8,0x00000000e4100000)
  to   space 12800K, 0% used [0x00000000e2880000,0x00000000e2880000,0x00000000e3500000)
 ParOldGen       total 71168K, used 21193K [0x00000000a0000000, 0x00000000a4580000, 0x00000000e0000000)
  object space 71168K, 29% used [0x00000000a0000000,0x00000000a14b2778,0x00000000a4580000)
 Metaspace       used 56911K, capacity 58476K, committed 58584K, reserved 1099776K
  class space    used 7735K, capacity 8121K, committed 8192K, reserved 1048576K
Event: 54.591 GC heap after
Heap after GC invocations=21 (full 2):
 PSYoungGen      total 54272K, used 9187K [0x00000000e0000000, 0x00000000e4a00000, 0x0000000100000000)
  eden space 41472K, 0% used [0x00000000e0000000,0x00000000e0000000,0x00000000e2880000)
  from space 12800K, 71% used [0x00000000e2880000,0x00000000e3178ce0,0x00000000e3500000)
  to   space 12800K, 0% used [0x00000000e3d80000,0x00000000e3d80000,0x00000000e4a00000)
 ParOldGen       total 71168K, used 23473K [0x00000000a0000000, 0x00000000a4580000, 0x00000000e0000000)
  object space 71168K, 32% used [0x00000000a0000000,0x00000000a16ec7a8,0x00000000a4580000)
 Metaspace       used 56911K, capacity 58476K, committed 58584K, reserved 1099776K
  class space    used 7735K, capacity 8121K, committed 8192K, reserved 1048576K
}
Event: 55.263 GC heap before
{Heap before GC invocations=22 (full 2):
 PSYoungGen      total 54272K, used 20423K [0x00000000e0000000, 0x00000000e4a00000, 0x0000000100000000)
  eden space 41472K, 27% used [0x00000000e0000000,0x00000000e0af9050,0x00000000e2880000)
  from space 12800K, 71% used [0x00000000e2880000,0x00000000e3178ce0,0x00000000e3500000)
  to   space 12800K, 0% used [0x00000000e3d80000,0x00000000e3d80000,0x00000000e4a00000)
 ParOldGen       total 71168K, used 23473K [0x00000000a0000000, 0x00000000a4580000, 0x00000000e0000000)
  object space 71168K, 32% used [0x00000000a0000000,0x00000000a16ec7a8,0x00000000a4580000)
 Metaspace       used 57280K, capacity 58876K, committed 59028K, reserved 1099776K
  class space    used 7768K, capacity 8163K, committed 8192K, reserved 1048576K
Event: 55.278 GC heap after
Heap after GC invocations=22 (full 2):
 PSYoungGen      total 62976K, used 6313K [0x00000000e0000000, 0x00000000e4c00000, 0x0000000100000000)
  eden space 50176K, 0% used [0x00000000e0000000,0x00000000e0000000,0x00000000e3100000)
  from space 12800K, 49% used [0x00000000e3d80000,0x00000000e43aa4a0,0x00000000e4a00000)
  to   space 12800K, 0% used [0x00000000e3100000,0x00000000e3100000,0x00000000e3d80000)
 ParOldGen       total 71168K, used 25363K [0x00000000a0000000, 0x00000000a4580000, 0x00000000e0000000)
  object space 71168K, 35% used [0x00000000a0000000,0x00000000a18c4ff8,0x00000000a4580000)
 Metaspace       used 57280K, capacity 58876K, committed 59028K, reserved 1099776K
  class space    used 7768K, capacity 8163K, committed 8192K, reserved 1048576K
}
Event: 55.278 GC heap before
{Heap before GC invocations=23 (full 3):
 PSYoungGen      total 62976K, used 6313K [0x00000000e0000000, 0x00000000e4c00000, 0x0000000100000000)
  eden space 50176K, 0% used [0x00000000e0000000,0x00000000e0000000,0x00000000e3100000)
  from space 12800K, 49% used [0x00000000e3d80000,0x00000000e43aa4a0,0x00000000e4a00000)
  to   space 12800K, 0% used [0x00000000e3100000,0x00000000e3100000,0x00000000e3d80000)
 ParOldGen       total 71168K, used 25363K [0x00000000a0000000, 0x00000000a4580000, 0x00000000e0000000)
  object space 71168K, 35% used [0x00000000a0000000,0x00000000a18c4ff8,0x00000000a4580000)
 Metaspace       used 57280K, capacity 58876K, committed 59028K, reserved 1099776K
  class space    used 7768K, capacity 8163K, committed 8192K, reserved 1048576K
Event: 55.722 GC heap after
Heap after GC invocations=23 (full 3):
 PSYoungGen      total 62976K, used 0K [0x00000000e0000000, 0x00000000e4c00000, 0x0000000100000000)
  eden space 50176K, 0% used [0x00000000e0000000,0x00000000e0000000,0x00000000e3100000)
  from space 12800K, 0% used [0x00000000e3d80000,0x00000000e3d80000,0x00000000e4a00000)
  to   space 12800K, 0% used [0x00000000e3100000,0x00000000e3100000,0x00000000e3d80000)
 ParOldGen       total 100864K, used 29851K [0x00000000a0000000, 0x00000000a6280000, 0x00000000e0000000)
  object space 100864K, 29% used [0x00000000a0000000,0x00000000a1d26cd0,0x00000000a6280000)
 Metaspace       used 57280K, capacity 58876K, committed 59028K, reserved 1099776K
  class space    used 7768K, capacity 8163K, committed 8192K, reserved 1048576K
}
Event: 131.012 GC heap before
{Heap before GC invocations=24 (full 3):
 PSYoungGen      total 62976K, used 50176K [0x00000000e0000000, 0x00000000e4c00000, 0x0000000100000000)
  eden space 50176K, 100% used [0x00000000e0000000,0x00000000e3100000,0x00000000e3100000)
  from space 12800K, 0% used [0x00000000e3d80000,0x00000000e3d80000,0x00000000e4a00000)
  to   space 12800K, 0% used [0x00000000e3100000,0x00000000e3100000,0x00000000e3d80000)
 ParOldGen       total 100864K, used 29851K [0x00000000a0000000, 0x00000000a6280000, 0x00000000e0000000)
  object space 100864K, 29% used [0x00000000a0000000,0x00000000a1d26cd0,0x00000000a6280000)
 Metaspace       used 61249K, capacity 62966K, committed 63064K, reserved 1103872K
  class space    used 8104K, capacity 8538K, committed 8576K, reserved 1048576K
Event: 131.024 GC heap after
Heap after GC invocations=24 (full 3):
 PSYoungGen      total 62976K, used 5510K [0x00000000e0000000, 0x00000000e5180000, 0x0000000100000000)
  eden space 50176K, 0% used [0x00000000e0000000,0x00000000e0000000,0x00000000e3100000)
  from space 12800K, 43% used [0x00000000e3100000,0x00000000e36619a0,0x00000000e3d80000)
  to   space 12288K, 0% used [0x00000000e4580000,0x00000000e4580000,0x00000000e5180000)
 ParOldGen       total 100864K, used 29859K [0x00000000a0000000, 0x00000000a6280000, 0x00000000e0000000)
  object space 100864K, 29% used [0x00000000a0000000,0x00000000a1d28cd0,0x00000000a6280000)
 Metaspace       used 61249K, capacity 62966K, committed 63064K, reserved 1103872K
  class space    used 8104K, capacity 8538K, committed 8576K, reserved 1048576K
}
Event: 133.928 GC heap before
{Heap before GC invocations=25 (full 3):
 PSYoungGen      total 62976K, used 55686K [0x00000000e0000000, 0x00000000e5180000, 0x0000000100000000)
  eden space 50176K, 100% used [0x00000000e0000000,0x00000000e3100000,0x00000000e3100000)
  from space 12800K, 43% used [0x00000000e3100000,0x00000000e36619a0,0x00000000e3d80000)
  to   space 12288K, 0% used [0x00000000e4580000,0x00000000e4580000,0x00000000e5180000)
 ParOldGen       total 100864K, used 29859K [0x00000000a0000000, 0x00000000a6280000, 0x00000000e0000000)
  object space 100864K, 29% used [0x00000000a0000000,0x00000000a1d28cd0,0x00000000a6280000)
 Metaspace       used 62961K, capacity 64820K, committed 65112K, reserved 1105920K
  class space    used 8296K, capacity 8739K, committed 8832K, reserved 1048576K
Event: 133.939 GC heap after
Heap after GC invocations=25 (full 3):
 PSYoungGen      total 70144K, used 7768K [0x00000000e0000000, 0x00000000e5100000, 0x0000000100000000)
  eden space 58368K, 0% used [0x00000000e0000000,0x00000000e0000000,0x00000000e3900000)
  from space 11776K, 65% used [0x00000000e4580000,0x00000000e4d163a0,0x00000000e5100000)
  to   space 12288K, 0% used [0x00000000e3900000,0x00000000e3900000,0x00000000e4500000)
 ParOldGen       total 100864K, used 29867K [0x00000000a0000000, 0x00000000a6280000, 0x00000000e0000000)
  object space 100864K, 29% used [0x00000000a0000000,0x00000000a1d2acd0,0x00000000a6280000)
 Metaspace       used 62961K, capacity 64820K, committed 65112K, reserved 1105920K
  class space    used 8296K, capacity 8739K, committed 8832K, reserved 1048576K
}

