# JRE version: OpenJDK Runtime Environment (8.0_202-b03) (build 1.8.0_202-release-1483-b03)
# Java VM: OpenJDK 64-Bit Server VM (25.202-b03 mixed mode windows-amd64 compressed oops)
Heap:
 PSYoungGen      total 42496K, used 10742K [0x00000000e0000000, 0x00000000e4200000, 0x0000000100000000)
  eden space 32256K, 19% used [0x00000000e0000000,0x00000000e0615850,0x00000000e1f80000)
  from space 10240K, 44% used [0x00000000e1f80000,0x00000000e23e8138,0x00000000e2980000)
  to   space 10240K, 0% used [0x00000000e3800000,0x00000000e3800000,0x00000000e4200000)
 ParOldGen       total 62976K, used 7824K [0x00000000a0000000, 0x00000000a3d80000, 0x00000000e0000000)
  object space 62976K, 12% used [0x00000000a0000000,0x00000000a07a4250,0x00000000a3d80000)
 Metaspace       used 26182K, capacity 26610K, committed 27008K, reserved 1073152K
  class space    used 3542K, capacity 3712K, committed 3712K, reserved 1048576K
GC Heap History (10 events):
Event: 12.276 GC heap before
{Heap before GC invocations=4 (full 0):
 PSYoungGen      total 38400K, used 38368K [0x00000000e0000000, 0x00000000e2a80000, 0x0000000100000000)
  eden space 33280K, 100% used [0x00000000e0000000,0x00000000e2080000,0x00000000e2080000)
  from space 5120K, 99% used [0x00000000e2080000,0x00000000e2578040,0x00000000e2580000)
  to   space 5120K, 0% used [0x00000000e2580000,0x00000000e2580000,0x00000000e2a80000)
 ParOldGen       total 87552K, used 1859K [0x00000000a0000000, 0x00000000a5580000, 0x00000000e0000000)
  object space 87552K, 2% used [0x00000000a0000000,0x00000000a01d0c08,0x00000000a5580000)
 Metaspace       used 16110K, capacity 16564K, committed 16896K, reserved 1062912K
  class space    used 2290K, capacity 2446K, committed 2560K, reserved 1048576K
Event: 12.287 GC heap after
Heap after GC invocations=4 (full 0):
 PSYoungGen      total 38400K, used 5120K [0x00000000e0000000, 0x00000000e2a80000, 0x0000000100000000)
  eden space 33280K, 0% used [0x00000000e0000000,0x00000000e0000000,0x00000000e2080000)
  from space 5120K, 100% used [0x00000000e2580000,0x00000000e2a80000,0x00000000e2a80000)
  to   space 5120K, 0% used [0x00000000e2080000,0x00000000e2080000,0x00000000e2580000)
 ParOldGen       total 87552K, used 4912K [0x00000000a0000000, 0x00000000a5580000, 0x00000000e0000000)
  object space 87552K, 5% used [0x00000000a0000000,0x00000000a04cc1e0,0x00000000a5580000)
 Metaspace       used 16110K, capacity 16564K, committed 16896K, reserved 1062912K
  class space    used 2290K, capacity 2446K, committed 2560K, reserved 1048576K
}
Event: 16.554 GC heap before
{Heap before GC invocations=5 (full 0):
 PSYoungGen      total 38400K, used 38400K [0x00000000e0000000, 0x00000000e2a80000, 0x0000000100000000)
  eden space 33280K, 100% used [0x00000000e0000000,0x00000000e2080000,0x00000000e2080000)
  from space 5120K, 100% used [0x00000000e2580000,0x00000000e2a80000,0x00000000e2a80000)
  to   space 5120K, 0% used [0x00000000e2080000,0x00000000e2080000,0x00000000e2580000)
 ParOldGen       total 87552K, used 4912K [0x00000000a0000000, 0x00000000a5580000, 0x00000000e0000000)
  object space 87552K, 5% used [0x00000000a0000000,0x00000000a04cc1e0,0x00000000a5580000)
 Metaspace       used 19227K, capacity 19552K, committed 19840K, reserved 1067008K
  class space    used 2781K, capacity 2902K, committed 2944K, reserved 1048576K
Event: 16.563 GC heap after
Heap after GC invocations=5 (full 0):
 PSYoungGen      total 37888K, used 5088K [0x00000000e0000000, 0x00000000e3400000, 0x0000000100000000)
  eden space 32768K, 0% used [0x00000000e0000000,0x00000000e0000000,0x00000000e2000000)
  from space 5120K, 99% used [0x00000000e2080000,0x00000000e2578030,0x00000000e2580000)
  to   space 10240K, 0% used [0x00000000e2a00000,0x00000000e2a00000,0x00000000e3400000)
 ParOldGen       total 87552K, used 8544K [0x00000000a0000000, 0x00000000a5580000, 0x00000000e0000000)
  object space 87552K, 9% used [0x00000000a0000000,0x00000000a0858220,0x00000000a5580000)
 Metaspace       used 19227K, capacity 19552K, committed 19840K, reserved 1067008K
  class space    used 2781K, capacity 2902K, committed 2944K, reserved 1048576K
}
Event: 17.348 GC heap before
{Heap before GC invocations=6 (full 0):
 PSYoungGen      total 37888K, used 15406K [0x00000000e0000000, 0x00000000e3400000, 0x0000000100000000)
  eden space 32768K, 31% used [0x00000000e0000000,0x00000000e0a138d8,0x00000000e2000000)
  from space 5120K, 99% used [0x00000000e2080000,0x00000000e2578030,0x00000000e2580000)
  to   space 10240K, 0% used [0x00000000e2a00000,0x00000000e2a00000,0x00000000e3400000)
 ParOldGen       total 87552K, used 8544K [0x00000000a0000000, 0x00000000a5580000, 0x00000000e0000000)
  object space 87552K, 9% used [0x00000000a0000000,0x00000000a0858220,0x00000000a5580000)
 Metaspace       used 20748K, capacity 21120K, committed 21248K, reserved 1067008K
  class space    used 2922K, capacity 3062K, committed 3072K, reserved 1048576K
Event: 17.359 GC heap after
Heap after GC invocations=6 (full 0):
 PSYoungGen      total 41984K, used 6818K [0x00000000e0000000, 0x00000000e3380000, 0x0000000100000000)
  eden space 32256K, 0% used [0x00000000e0000000,0x00000000e0000000,0x00000000e1f80000)
  from space 9728K, 70% used [0x00000000e2a00000,0x00000000e30a8ae0,0x00000000e3380000)
  to   space 10240K, 0% used [0x00000000e1f80000,0x00000000e1f80000,0x00000000e2980000)
 ParOldGen       total 87552K, used 8552K [0x00000000a0000000, 0x00000000a5580000, 0x00000000e0000000)
  object space 87552K, 9% used [0x00000000a0000000,0x00000000a085a220,0x00000000a5580000)
 Metaspace       used 20748K, capacity 21120K, committed 21248K, reserved 1067008K
  class space    used 2922K, capacity 3062K, committed 3072K, reserved 1048576K
}
Event: 17.359 GC heap before
{Heap before GC invocations=7 (full 1):
 PSYoungGen      total 41984K, used 6818K [0x00000000e0000000, 0x00000000e3380000, 0x0000000100000000)
  eden space 32256K, 0% used [0x00000000e0000000,0x00000000e0000000,0x00000000e1f80000)
  from space 9728K, 70% used [0x00000000e2a00000,0x00000000e30a8ae0,0x00000000e3380000)
  to   space 10240K, 0% used [0x00000000e1f80000,0x00000000e1f80000,0x00000000e2980000)
 ParOldGen       total 87552K, used 8552K [0x00000000a0000000, 0x00000000a5580000, 0x00000000e0000000)
  object space 87552K, 9% used [0x00000000a0000000,0x00000000a085a220,0x00000000a5580000)
 Metaspace       used 20748K, capacity 21120K, committed 21248K, reserved 1067008K
  class space    used 2922K, capacity 3062K, committed 3072K, reserved 1048576K
Event: 17.466 GC heap after
Heap after GC invocations=7 (full 1):
 PSYoungGen      total 41984K, used 0K [0x00000000e0000000, 0x00000000e3380000, 0x0000000100000000)
  eden space 32256K, 0% used [0x00000000e0000000,0x00000000e0000000,0x00000000e1f80000)
  from space 9728K, 0% used [0x00000000e2a00000,0x00000000e2a00000,0x00000000e3380000)
  to   space 10240K, 0% used [0x00000000e1f80000,0x00000000e1f80000,0x00000000e2980000)
 ParOldGen       total 62976K, used 7816K [0x00000000a0000000, 0x00000000a3d80000, 0x00000000e0000000)
  object space 62976K, 12% used [0x00000000a0000000,0x00000000a07a2250,0x00000000a3d80000)
 Metaspace       used 20748K, capacity 21120K, committed 21248K, reserved 1067008K
  class space    used 2922K, capacity 3062K, committed 3072K, reserved 1048576K
}
Event: 19.780 GC heap before
{Heap before GC invocations=8 (full 1):
 PSYoungGen      total 41984K, used 32256K [0x00000000e0000000, 0x00000000e3380000, 0x0000000100000000)
  eden space 32256K, 100% used [0x00000000e0000000,0x00000000e1f80000,0x00000000e1f80000)
  from space 9728K, 0% used [0x00000000e2a00000,0x00000000e2a00000,0x00000000e3380000)
  to   space 10240K, 0% used [0x00000000e1f80000,0x00000000e1f80000,0x00000000e2980000)
 ParOldGen       total 62976K, used 7816K [0x00000000a0000000, 0x00000000a3d80000, 0x00000000e0000000)
  object space 62976K, 12% used [0x00000000a0000000,0x00000000a07a2250,0x00000000a3d80000)
 Metaspace       used 25770K, capacity 26226K, committed 26496K, reserved 1073152K
  class space    used 3471K, capacity 3648K, committed 3712K, reserved 1048576K
Event: 19.785 GC heap after
Heap after GC invocations=8 (full 1):
 PSYoungGen      total 42496K, used 4512K [0x00000000e0000000, 0x00000000e4200000, 0x0000000100000000)
  eden space 32256K, 0% used [0x00000000e0000000,0x00000000e0000000,0x00000000e1f80000)
  from space 10240K, 44% used [0x00000000e1f80000,0x00000000e23e8138,0x00000000e2980000)
  to   space 10240K, 0% used [0x00000000e3800000,0x00000000e3800000,0x00000000e4200000)
 ParOldGen       total 62976K, used 7824K [0x00000000a0000000, 0x00000000a3d80000, 0x00000000e0000000)
  object space 62976K, 12% used [0x00000000a0000000,0x00000000a07a4250,0x00000000a3d80000)
 Metaspace       used 25770K, capacity 26226K, committed 26496K, reserved 1073152K
  class space    used 3471K, capacity 3648K, committed 3712K, reserved 1048576K
}

