# JRE version: OpenJDK Runtime Environment (8.0_202-b03) (build 1.8.0_202-release-1483-b03)
# Java VM: OpenJDK 64-Bit Server VM (25.202-b03 mixed mode windows-amd64 compressed oops)
Heap:
 PSYoungGen      total 142848K, used 48309K [0x00000000e0000000, 0x00000000ed000000, 0x0000000100000000)
  eden space 130048K, 37% used [0x00000000e0000000,0x00000000e2f2d7b0,0x00000000e7f00000)
  from space 12800K, 0% used [0x00000000ec380000,0x00000000ec380000,0x00000000ed000000)
  to   space 9728K, 0% used [0x00000000e7f00000,0x00000000e7f00000,0x00000000e8880000)
 ParOldGen       total 77312K, used 15913K [0x00000000a0000000, 0x00000000a4b80000, 0x00000000e0000000)
  object space 77312K, 20% used [0x00000000a0000000,0x00000000a0f8a4b8,0x00000000a4b80000)
 Metaspace       used 41190K, capacity 42026K, committed 42280K, reserved 1085440K
  class space    used 5580K, capacity 5825K, committed 5928K, reserved 1048576K
GC Heap History (10 events):
Event: 7.196 GC heap before
{Heap before GC invocations=6 (full 1):
 PSYoungGen      total 71168K, used 5102K [0x00000000e0000000, 0x00000000e9300000, 0x0000000100000000)
  eden space 66048K, 0% used [0x00000000e0000000,0x00000000e0000000,0x00000000e4080000)
  from space 5120K, 99% used [0x00000000e4080000,0x00000000e457bbd0,0x00000000e4580000)
  to   space 9216K, 0% used [0x00000000e8a00000,0x00000000e8a00000,0x00000000e9300000)
 ParOldGen       total 87552K, used 11015K [0x00000000a0000000, 0x00000000a5580000, 0x00000000e0000000)
  object space 87552K, 12% used [0x00000000a0000000,0x00000000a0ac1f18,0x00000000a5580000)
 Metaspace       used 20719K, capacity 21142K, committed 21296K, reserved 1067008K
  class space    used 2955K, capacity 3119K, committed 3200K, reserved 1048576K
Event: 7.241 GC heap after
Heap after GC invocations=6 (full 1):
 PSYoungGen      total 71168K, used 0K [0x00000000e0000000, 0x00000000e9300000, 0x0000000100000000)
  eden space 66048K, 0% used [0x00000000e0000000,0x00000000e0000000,0x00000000e4080000)
  from space 5120K, 0% used [0x00000000e4080000,0x00000000e4080000,0x00000000e4580000)
  to   space 9216K, 0% used [0x00000000e8a00000,0x00000000e8a00000,0x00000000e9300000)
 ParOldGen       total 61440K, used 10964K [0x00000000a0000000, 0x00000000a3c00000, 0x00000000e0000000)
  object space 61440K, 17% used [0x00000000a0000000,0x00000000a0ab5208,0x00000000a3c00000)
 Metaspace       used 20719K, capacity 21142K, committed 21296K, reserved 1067008K
  class space    used 2955K, capacity 3119K, committed 3200K, reserved 1048576K
}
Event: 8.864 GC heap before
{Heap before GC invocations=7 (full 1):
 PSYoungGen      total 71168K, used 66048K [0x00000000e0000000, 0x00000000e9300000, 0x0000000100000000)
  eden space 66048K, 100% used [0x00000000e0000000,0x00000000e4080000,0x00000000e4080000)
  from space 5120K, 0% used [0x00000000e4080000,0x00000000e4080000,0x00000000e4580000)
  to   space 9216K, 0% used [0x00000000e8a00000,0x00000000e8a00000,0x00000000e9300000)
 ParOldGen       total 61440K, used 10964K [0x00000000a0000000, 0x00000000a3c00000, 0x00000000e0000000)
  object space 61440K, 17% used [0x00000000a0000000,0x00000000a0ab5208,0x00000000a3c00000)
 Metaspace       used 29095K, capacity 29610K, committed 29952K, reserved 1075200K
  class space    used 3933K, capacity 4096K, committed 4096K, reserved 1048576K
Event: 8.883 GC heap after
Heap after GC invocations=7 (full 1):
 PSYoungGen      total 119296K, used 8039K [0x00000000e0000000, 0x00000000e9200000, 0x0000000100000000)
  eden space 111104K, 0% used [0x00000000e0000000,0x00000000e0000000,0x00000000e6c80000)
  from space 8192K, 98% used [0x00000000e8a00000,0x00000000e91d9e48,0x00000000e9200000)
  to   space 9728K, 0% used [0x00000000e7f00000,0x00000000e7f00000,0x00000000e8880000)
 ParOldGen       total 61440K, used 10972K [0x00000000a0000000, 0x00000000a3c00000, 0x00000000e0000000)
  object space 61440K, 17% used [0x00000000a0000000,0x00000000a0ab7208,0x00000000a3c00000)
 Metaspace       used 29095K, capacity 29610K, committed 29952K, reserved 1075200K
  class space    used 3933K, capacity 4096K, committed 4096K, reserved 1048576K
}
Event: 10.863 GC heap before
{Heap before GC invocations=8 (full 1):
 PSYoungGen      total 119296K, used 119143K [0x00000000e0000000, 0x00000000e9200000, 0x0000000100000000)
  eden space 111104K, 100% used [0x00000000e0000000,0x00000000e6c80000,0x00000000e6c80000)
  from space 8192K, 98% used [0x00000000e8a00000,0x00000000e91d9e48,0x00000000e9200000)
  to   space 9728K, 0% used [0x00000000e7f00000,0x00000000e7f00000,0x00000000e8880000)
 ParOldGen       total 61440K, used 10972K [0x00000000a0000000, 0x00000000a3c00000, 0x00000000e0000000)
  object space 61440K, 17% used [0x00000000a0000000,0x00000000a0ab7208,0x00000000a3c00000)
 Metaspace       used 34563K, capacity 35222K, committed 35456K, reserved 1079296K
  class space    used 4762K, capacity 4948K, committed 4992K, reserved 1048576K
Event: 10.891 GC heap after
Heap after GC invocations=8 (full 1):
 PSYoungGen      total 139776K, used 9697K [0x00000000e0000000, 0x00000000ed000000, 0x0000000100000000)
  eden space 130048K, 0% used [0x00000000e0000000,0x00000000e0000000,0x00000000e7f00000)
  from space 9728K, 99% used [0x00000000e7f00000,0x00000000e8878718,0x00000000e8880000)
  to   space 12800K, 0% used [0x00000000ec380000,0x00000000ec380000,0x00000000ed000000)
 ParOldGen       total 61440K, used 14513K [0x00000000a0000000, 0x00000000a3c00000, 0x00000000e0000000)
  object space 61440K, 23% used [0x00000000a0000000,0x00000000a0e2c580,0x00000000a3c00000)
 Metaspace       used 34563K, capacity 35222K, committed 35456K, reserved 1079296K
  class space    used 4762K, capacity 4948K, committed 4992K, reserved 1048576K
}
Event: 10.973 GC heap before
{Heap before GC invocations=9 (full 1):
 PSYoungGen      total 139776K, used 16744K [0x00000000e0000000, 0x00000000ed000000, 0x0000000100000000)
  eden space 130048K, 5% used [0x00000000e0000000,0x00000000e06e1bc0,0x00000000e7f00000)
  from space 9728K, 99% used [0x00000000e7f00000,0x00000000e8878718,0x00000000e8880000)
  to   space 12800K, 0% used [0x00000000ec380000,0x00000000ec380000,0x00000000ed000000)
 ParOldGen       total 61440K, used 14513K [0x00000000a0000000, 0x00000000a3c00000, 0x00000000e0000000)
  object space 61440K, 23% used [0x00000000a0000000,0x00000000a0e2c580,0x00000000a3c00000)
 Metaspace       used 34715K, capacity 35416K, committed 35496K, reserved 1079296K
  class space    used 4785K, capacity 4993K, committed 5032K, reserved 1048576K
Event: 10.989 GC heap after
Heap after GC invocations=9 (full 1):
 PSYoungGen      total 142848K, used 8802K [0x00000000e0000000, 0x00000000ed000000, 0x0000000100000000)
  eden space 130048K, 0% used [0x00000000e0000000,0x00000000e0000000,0x00000000e7f00000)
  from space 12800K, 68% used [0x00000000ec380000,0x00000000ecc18a90,0x00000000ed000000)
  to   space 9728K, 0% used [0x00000000e7f00000,0x00000000e7f00000,0x00000000e8880000)
 ParOldGen       total 61440K, used 14521K [0x00000000a0000000, 0x00000000a3c00000, 0x00000000e0000000)
  object space 61440K, 23% used [0x00000000a0000000,0x00000000a0e2e580,0x00000000a3c00000)
 Metaspace       used 34715K, capacity 35416K, committed 35496K, reserved 1079296K
  class space    used 4785K, capacity 4993K, committed 5032K, reserved 1048576K
}
Event: 10.989 GC heap before
{Heap before GC invocations=10 (full 2):
 PSYoungGen      total 142848K, used 8802K [0x00000000e0000000, 0x00000000ed000000, 0x0000000100000000)
  eden space 130048K, 0% used [0x00000000e0000000,0x00000000e0000000,0x00000000e7f00000)
  from space 12800K, 68% used [0x00000000ec380000,0x00000000ecc18a90,0x00000000ed000000)
  to   space 9728K, 0% used [0x00000000e7f00000,0x00000000e7f00000,0x00000000e8880000)
 ParOldGen       total 61440K, used 14521K [0x00000000a0000000, 0x00000000a3c00000, 0x00000000e0000000)
  object space 61440K, 23% used [0x00000000a0000000,0x00000000a0e2e580,0x00000000a3c00000)
 Metaspace       used 34715K, capacity 35416K, committed 35496K, reserved 1079296K
  class space    used 4785K, capacity 4993K, committed 5032K, reserved 1048576K
Event: 11.083 GC heap after
Heap after GC invocations=10 (full 2):
 PSYoungGen      total 142848K, used 0K [0x00000000e0000000, 0x00000000ed000000, 0x0000000100000000)
  eden space 130048K, 0% used [0x00000000e0000000,0x00000000e0000000,0x00000000e7f00000)
  from space 12800K, 0% used [0x00000000ec380000,0x00000000ec380000,0x00000000ed000000)
  to   space 9728K, 0% used [0x00000000e7f00000,0x00000000e7f00000,0x00000000e8880000)
 ParOldGen       total 77312K, used 15913K [0x00000000a0000000, 0x00000000a4b80000, 0x00000000e0000000)
  object space 77312K, 20% used [0x00000000a0000000,0x00000000a0f8a4b8,0x00000000a4b80000)
 Metaspace       used 34710K, capacity 35398K, committed 35496K, reserved 1079296K
  class space    used 4784K, capacity 4990K, committed 5032K, reserved 1048576K
}

